# JRE version: OpenJDK Runtime Environment (11.0.10) (build 11.0.10+0-b96-7249189)
# Java VM: OpenJDK 64-Bit Server VM (11.0.10+0-b96-7249189, mixed mode, tiered, compressed oops, g1 gc, windows-amd64)
Heap:
 garbage-first heap   total 98304K, used 26117K [0x00000000a0000000, 0x0000000100000000)
  region size 1024K, 6 young (6144K), 6 survivors (6144K)
 Metaspace       used 38688K, capacity 39580K, committed 39676K, reserved 1097728K
  class space    used 5001K, capacity 5356K, committed 5452K, reserved 1048576K
GC Heap History (16 events):
Event: 1.446 GC heap before
{Heap before GC invocations=0 (full 0):
 garbage-first heap   total 98304K, used 29696K [0x00000000a0000000, 0x0000000100000000)
  region size 1024K, 24 young (24576K), 0 survivors (0K)
 Metaspace       used 9621K, capacity 9888K, committed 10112K, reserved 1058816K
  class space    used 961K, capacity 1041K, committed 1152K, reserved 1048576K
}
Event: 1.458 GC heap after
{Heap after GC invocations=1 (full 0):
 garbage-first heap   total 98304K, used 9699K [0x00000000a0000000, 0x0000000100000000)
  region size 1024K, 3 young (3072K), 3 survivors (3072K)
 Metaspace       used 9621K, capacity 9888K, committed 10112K, reserved 1058816K
  class space    used 961K, capacity 1041K, committed 1152K, reserved 1048576K
}
Event: 2.477 GC heap before
{Heap before GC invocations=1 (full 0):
 garbage-first heap   total 98304K, used 64995K [0x00000000a0000000, 0x0000000100000000)
  region size 1024K, 57 young (58368K), 3 survivors (3072K)
 Metaspace       used 11380K, capacity 11694K, committed 11904K, reserved 1060864K
  class space    used 1190K, capacity 1282K, committed 1408K, reserved 1048576K
}
Event: 2.487 GC heap after
{Heap after GC invocations=2 (full 0):
 garbage-first heap   total 98304K, used 13976K [0x00000000a0000000, 0x0000000100000000)
  region size 1024K, 8 young (8192K), 8 survivors (8192K)
 Metaspace       used 11380K, capacity 11694K, committed 11904K, reserved 1060864K
  class space    used 1190K, capacity 1282K, committed 1408K, reserved 1048576K
}
Event: 5.028 GC heap before
{Heap before GC invocations=2 (full 0):
 garbage-first heap   total 98304K, used 63128K [0x00000000a0000000, 0x0000000100000000)
  region size 1024K, 57 young (58368K), 8 survivors (8192K)
 Metaspace       used 19108K, capacity 19506K, committed 19712K, reserved 1067008K
  class space    used 2315K, capacity 2441K, committed 2560K, reserved 1048576K
}
Event: 5.036 GC heap after
{Heap after GC invocations=3 (full 0):
 garbage-first heap   total 98304K, used 17007K [0x00000000a0000000, 0x0000000100000000)
  region size 1024K, 3 young (3072K), 3 survivors (3072K)
 Metaspace       used 19108K, capacity 19506K, committed 19712K, reserved 1067008K
  class space    used 2315K, capacity 2441K, committed 2560K, reserved 1048576K
}
Event: 5.529 GC heap before
{Heap before GC invocations=3 (full 0):
 garbage-first heap   total 98304K, used 32367K [0x00000000a0000000, 0x0000000100000000)
  region size 1024K, 19 young (19456K), 3 survivors (3072K)
 Metaspace       used 20686K, capacity 21181K, committed 21296K, reserved 1069056K
  class space    used 2542K, capacity 2680K, committed 2688K, reserved 1048576K
}
Event: 5.537 GC heap after
{Heap after GC invocations=4 (full 0):
 garbage-first heap   total 98304K, used 17578K [0x00000000a0000000, 0x0000000100000000)
  region size 1024K, 4 young (4096K), 4 survivors (4096K)
 Metaspace       used 20686K, capacity 21181K, committed 21296K, reserved 1069056K
  class space    used 2542K, capacity 2680K, committed 2688K, reserved 1048576K
}
Event: 6.392 GC heap before
{Heap before GC invocations=5 (full 0):
 garbage-first heap   total 98304K, used 59562K [0x00000000a0000000, 0x0000000100000000)
  region size 1024K, 45 young (46080K), 4 survivors (4096K)
 Metaspace       used 24627K, capacity 25238K, committed 25392K, reserved 1071104K
  class space    used 3142K, capacity 3356K, committed 3456K, reserved 1048576K
}
Event: 6.399 GC heap after
{Heap after GC invocations=6 (full 0):
 garbage-first heap   total 98304K, used 18840K [0x00000000a0000000, 0x0000000100000000)
  region size 1024K, 3 young (3072K), 3 survivors (3072K)
 Metaspace       used 24627K, capacity 25238K, committed 25392K, reserved 1071104K
  class space    used 3142K, capacity 3356K, committed 3456K, reserved 1048576K
}
Event: 7.574 GC heap before
{Heap before GC invocations=6 (full 0):
 garbage-first heap   total 98304K, used 62872K [0x00000000a0000000, 0x0000000100000000)
  region size 1024K, 46 young (47104K), 3 survivors (3072K)
 Metaspace       used 28816K, capacity 29497K, committed 29616K, reserved 1075200K
  class space    used 3807K, capacity 4060K, committed 4096K, reserved 1048576K
}
Event: 7.578 GC heap after
{Heap after GC invocations=7 (full 0):
 garbage-first heap   total 98304K, used 20300K [0x00000000a0000000, 0x0000000100000000)
  region size 1024K, 4 young (4096K), 4 survivors (4096K)
 Metaspace       used 28816K, capacity 29497K, committed 29616K, reserved 1075200K
  class space    used 3807K, capacity 4060K, committed 4096K, reserved 1048576K
}
Event: 8.729 GC heap before
{Heap before GC invocations=7 (full 0):
 garbage-first heap   total 98304K, used 55116K [0x00000000a0000000, 0x0000000100000000)
  region size 1024K, 39 young (39936K), 4 survivors (4096K)
 Metaspace       used 34862K, capacity 35662K, committed 35708K, reserved 1081344K
  class space    used 4516K, capacity 4839K, committed 4864K, reserved 1048576K
}
Event: 8.743 GC heap after
{Heap after GC invocations=8 (full 0):
 garbage-first heap   total 98304K, used 22547K [0x00000000a0000000, 0x0000000100000000)
  region size 1024K, 6 young (6144K), 6 survivors (6144K)
 Metaspace       used 34862K, capacity 35662K, committed 35708K, reserved 1081344K
  class space    used 4516K, capacity 4839K, committed 4864K, reserved 1048576K
}
Event: 9.638 GC heap before
{Heap before GC invocations=9 (full 0):
 garbage-first heap   total 98304K, used 64531K [0x00000000a0000000, 0x0000000100000000)
  region size 1024K, 48 young (49152K), 6 survivors (6144K)
 Metaspace       used 38688K, capacity 39580K, committed 39676K, reserved 1095680K
  class space    used 5001K, capacity 5356K, committed 5452K, reserved 1048576K
}
Event: 9.657 GC heap after
{Heap after GC invocations=10 (full 0):
 garbage-first heap   total 98304K, used 26117K [0x00000000a0000000, 0x0000000100000000)
  region size 1024K, 6 young (6144K), 6 survivors (6144K)
 Metaspace       used 38688K, capacity 39580K, committed 39676K, reserved 1095680K
  class space    used 5001K, capacity 5356K, committed 5452K, reserved 1048576K
}

