# JRE version: OpenJDK Runtime Environment (11.0.10) (build 11.0.10+0-b96-7249189)
# Java VM: OpenJDK 64-Bit Server VM (11.0.10+0-b96-7249189, mixed mode, tiered, compressed oops, g1 gc, windows-amd64)
Heap:
 garbage-first heap   total 421888K, used 181544K [0x00000000a0000000, 0x0000000100000000)
  region size 1024K, 2 young (2048K), 2 survivors (2048K)
 Metaspace       used 98322K, capacity 100913K, committed 101104K, reserved 1136640K
  class space    used 12967K, capacity 13891K, committed 13976K, reserved 1048576K
GC Heap History (20 events):
Event: 20.832 GC heap after
{Heap after GC invocations=42 (full 0):
 garbage-first heap   total 172032K, used 121973K [0x00000000a0000000, 0x0000000100000000)
  region size 1024K, 4 young (4096K), 4 survivors (4096K)
 Metaspace       used 93041K, capacity 95323K, committed 95600K, reserved 1132544K
  class space    used 12056K, capacity 12855K, committed 13080K, reserved 1048576K
}
Event: 20.921 GC heap before
{Heap before GC invocations=42 (full 0):
 garbage-first heap   total 172032K, used 131189K [0x00000000a0000000, 0x0000000100000000)
  region size 1024K, 15 young (15360K), 4 survivors (4096K)
 Metaspace       used 93048K, capacity 95323K, committed 95600K, reserved 1132544K
  class space    used 12056K, capacity 12855K, committed 13080K, reserved 1048576K
}
Event: 20.932 GC heap after
{Heap after GC invocations=43 (full 0):
 garbage-first heap   total 172032K, used 126267K [0x00000000a0000000, 0x0000000100000000)
  region size 1024K, 3 young (3072K), 3 survivors (3072K)
 Metaspace       used 93048K, capacity 95323K, committed 95600K, reserved 1132544K
  class space    used 12056K, capacity 12855K, committed 13080K, reserved 1048576K
}
Event: 21.086 GC heap before
{Heap before GC invocations=43 (full 0):
 garbage-first heap   total 172032K, used 140603K [0x00000000a0000000, 0x0000000100000000)
  region size 1024K, 16 young (16384K), 3 survivors (3072K)
 Metaspace       used 93116K, capacity 95401K, committed 95856K, reserved 1132544K
  class space    used 12066K, capacity 12860K, committed 13080K, reserved 1048576K
}
Event: 21.102 GC heap after
{Heap after GC invocations=44 (full 0):
 garbage-first heap   total 206848K, used 133659K [0x00000000a0000000, 0x0000000100000000)
  region size 1024K, 2 young (2048K), 2 survivors (2048K)
 Metaspace       used 93116K, capacity 95401K, committed 95856K, reserved 1132544K
  class space    used 12066K, capacity 12860K, committed 13080K, reserved 1048576K
}
Event: 21.467 GC heap before
{Heap before GC invocations=45 (full 0):
 garbage-first heap   total 206848K, used 156187K [0x00000000a0000000, 0x0000000100000000)
  region size 1024K, 24 young (24576K), 2 survivors (2048K)
 Metaspace       used 95326K, capacity 97732K, committed 98032K, reserved 1134592K
  class space    used 12558K, capacity 13413K, committed 13464K, reserved 1048576K
}
Event: 21.485 GC heap after
{Heap after GC invocations=46 (full 0):
 garbage-first heap   total 206848K, used 141809K [0x00000000a0000000, 0x0000000100000000)
  region size 1024K, 3 young (3072K), 3 survivors (3072K)
 Metaspace       used 95326K, capacity 97732K, committed 98032K, reserved 1134592K
  class space    used 12558K, capacity 13413K, committed 13464K, reserved 1048576K
}
Event: 21.591 GC heap before
{Heap before GC invocations=46 (full 0):
 garbage-first heap   total 206848K, used 160241K [0x00000000a0000000, 0x0000000100000000)
  region size 1024K, 22 young (22528K), 3 survivors (3072K)
 Metaspace       used 95395K, capacity 97800K, committed 98032K, reserved 1134592K
  class space    used 12558K, capacity 13413K, committed 13464K, reserved 1048576K
}
Event: 21.608 GC heap after
{Heap after GC invocations=47 (full 0):
 garbage-first heap   total 206848K, used 151705K [0x00000000a0000000, 0x0000000100000000)
  region size 1024K, 3 young (3072K), 3 survivors (3072K)
 Metaspace       used 95395K, capacity 97800K, committed 98032K, reserved 1134592K
  class space    used 12558K, capacity 13413K, committed 13464K, reserved 1048576K
}
Event: 21.711 GC heap before
{Heap before GC invocations=47 (full 0):
 garbage-first heap   total 206848K, used 166041K [0x00000000a0000000, 0x0000000100000000)
  region size 1024K, 17 young (17408K), 3 survivors (3072K)
 Metaspace       used 95462K, capacity 97811K, committed 98032K, reserved 1134592K
  class space    used 12558K, capacity 13413K, committed 13464K, reserved 1048576K
}
Event: 21.723 GC heap after
{Heap after GC invocations=48 (full 0):
 garbage-first heap   total 206848K, used 159369K [0x00000000a0000000, 0x0000000100000000)
  region size 1024K, 3 young (3072K), 3 survivors (3072K)
 Metaspace       used 95462K, capacity 97811K, committed 98032K, reserved 1134592K
  class space    used 12558K, capacity 13413K, committed 13464K, reserved 1048576K
}
Event: 21.788 GC heap before
{Heap before GC invocations=48 (full 0):
 garbage-first heap   total 206848K, used 169609K [0x00000000a0000000, 0x0000000100000000)
  region size 1024K, 14 young (14336K), 3 survivors (3072K)
 Metaspace       used 95475K, capacity 97875K, committed 98032K, reserved 1134592K
  class space    used 12558K, capacity 13413K, committed 13464K, reserved 1048576K
}
Event: 21.803 GC heap after
{Heap after GC invocations=49 (full 0):
 garbage-first heap   total 296960K, used 165795K [0x00000000a0000000, 0x0000000100000000)
  region size 1024K, 2 young (2048K), 2 survivors (2048K)
 Metaspace       used 95475K, capacity 97875K, committed 98032K, reserved 1134592K
  class space    used 12558K, capacity 13413K, committed 13464K, reserved 1048576K
}
Event: 22.481 GC heap before
{Heap before GC invocations=50 (full 0):
 garbage-first heap   total 296960K, used 202659K [0x00000000a0000000, 0x0000000100000000)
  region size 1024K, 39 young (39936K), 2 survivors (2048K)
 Metaspace       used 96240K, capacity 98625K, committed 98928K, reserved 1134592K
  class space    used 12678K, capacity 13534K, committed 13592K, reserved 1048576K
}
Event: 22.501 GC heap after
{Heap after GC invocations=51 (full 0):
 garbage-first heap   total 296960K, used 183634K [0x00000000a0000000, 0x0000000100000000)
  region size 1024K, 5 young (5120K), 5 survivors (5120K)
 Metaspace       used 96240K, capacity 98625K, committed 98928K, reserved 1134592K
  class space    used 12678K, capacity 13534K, committed 13592K, reserved 1048576K
}
Event: 23.025 GC heap before
{Heap before GC invocations=51 (full 0):
 garbage-first heap   total 296960K, used 216402K [0x00000000a0000000, 0x0000000100000000)
  region size 1024K, 38 young (38912K), 5 survivors (5120K)
 Metaspace       used 97879K, capacity 100486K, committed 100592K, reserved 1136640K
  class space    used 12937K, capacity 13872K, committed 13976K, reserved 1048576K
}
Event: 23.044 GC heap after
{Heap after GC invocations=52 (full 0):
 garbage-first heap   total 296960K, used 189672K [0x00000000a0000000, 0x0000000100000000)
  region size 1024K, 5 young (5120K), 5 survivors (5120K)
 Metaspace       used 97879K, capacity 100486K, committed 100592K, reserved 1136640K
  class space    used 12937K, capacity 13872K, committed 13976K, reserved 1048576K
}
Event: 23.624 GC heap before
{Heap before GC invocations=53 (full 0):
 garbage-first heap   total 296960K, used 213224K [0x00000000a0000000, 0x0000000100000000)
  region size 1024K, 38 young (38912K), 5 survivors (5120K)
 Metaspace       used 98313K, capacity 100913K, committed 101104K, reserved 1136640K
  class space    used 12967K, capacity 13891K, committed 13976K, reserved 1048576K
}
Event: 23.643 GC heap after
{Heap after GC invocations=54 (full 0):
 garbage-first heap   total 296960K, used 183271K [0x00000000a0000000, 0x0000000100000000)
  region size 1024K, 4 young (4096K), 4 survivors (4096K)
 Metaspace       used 98313K, capacity 100913K, committed 101104K, reserved 1136640K
  class space    used 12967K, capacity 13891K, committed 13976K, reserved 1048576K
}
Event: 23.762 GC heap before
{Heap before GC invocations=54 (full 0):
 garbage-first heap   total 296960K, used 192487K [0x00000000a0000000, 0x0000000100000000)
  region size 1024K, 14 young (14336K), 4 survivors (4096K)
 Metaspace       used 98322K, capacity 100913K, committed 101104K, reserved 1136640K
  class space    used 12967K, capacity 13891K, committed 13976K, reserved 1048576K
}

